[2020-11-25 19:16:45] START
[2020-11-25 19:19:13] CREATE products.py: 0
[2020-11-25 19:23:25] EDIT inventario/controllers/products.py: 4
[2020-11-25 19:23:47] CREATE products/view.html: 0
[2020-11-25 19:26:27] EDIT inventario/views/products/view.html: 5
[2020-11-25 19:30:31] EDIT inventario/models/db.py: 3
[2020-11-25 19:33:10] EDIT inventario/controllers/products.py: 4
[2020-11-25 19:33:45] CREATE products/create.html: 0
[2020-11-25 19:35:05] EDIT inventario/views/products/create.html: 1
[2020-11-25 19:39:45] EDIT inventario/controllers/products.py: 5
[2020-11-25 19:40:13] EDIT inventario/controllers/products.py: 0
[2020-11-25 19:41:02] EDIT inventario/controllers/products.py: 0
[2020-11-25 19:41:46] EDIT inventario/controllers/products.py: 0
[2020-11-25 19:42:35] EDIT inventario/views/products/view.html: 0
[2020-11-25 19:42:41] EDIT inventario/controllers/products.py: 0
[2020-11-25 19:43:35] EDIT inventario/views/products/view.html: 1
[2020-11-25 19:44:23] EDIT inventario/views/products/view.html: 0
[2020-11-25 19:45:16] EDIT inventario/views/products/view.html: 0
[2020-11-25 19:46:19] EDIT inventario/views/products/view.html: 2
[2020-11-25 19:46:21] EDIT inventario/views/products/view.html: 0
[2020-11-25 19:46:40] EDIT inventario/views/products/view.html: 0
[2020-11-25 19:46:58] EDIT inventario/views/products/view.html: 0
[2020-11-25 19:47:21] EDIT inventario/views/products/view.html: 0
[2020-11-25 19:47:43] EDIT inventario/views/products/view.html: 0
[2020-11-25 19:47:52] EDIT inventario/views/products/view.html: 0
[2020-11-25 19:48:05] EDIT inventario/views/products/view.html: 0
[2020-11-25 19:48:20] EDIT inventario/views/products/view.html: 0
[2020-11-25 20:05:41] EDIT inventario/models/menu.py: -93
[2020-11-25 20:06:34] EDIT inventario/models/menu.py: 0
[2020-11-25 20:10:10] EDIT inventario/models/menu.py: 2
[2020-11-25 20:10:37] EDIT inventario/models/menu.py: -1
[2020-11-25 20:12:03] EDIT inventario/models/menu.py: 0
[2020-11-25 20:12:08] EDIT inventario/models/menu.py: 0
[2020-11-25 20:12:34] EDIT inventario/models/menu.py: 0
